<?xml version="1.0" encoding="UTF-8"?>
<!-- Generated by org.testng.reporters.JUnitXMLReporter -->
<testsuite ignored="0" hostname="DESKTOP-E5DMQHE" failures="0" tests="3" name="TestOrangeHRMPIM" time="86.778" errors="0" timestamp="2023-09-12T08:29:32 IST">
  <testcase classname="testscripts.TestOrangeHrmPim" name="testPimCreation" time="14.599"/>
  <testcase classname="testscripts.TestOrangeHrmPim" name="testPimEdit" time="14.233"/>
  <testcase classname="testscripts.TestOrangeHrmPim" name="testPimDeletion" time="13.576"/>
</testsuite> <!-- TestOrangeHRMPIM -->
