<?xml version="1.0" encoding="UTF-8"?>
<testng-results ignored="0" total="3" passed="3" failed="0" skipped="0">
  <reporter-output>
  </reporter-output>
  <suite started-at="2023-09-12T08:28:05 IST" name="Regression Suite" finished-at="2023-09-12T08:29:32 IST" duration-ms="86778">
    <groups>
    </groups>
    <test started-at="2023-09-12T08:28:05 IST" name="TestOrangeHRMPIM" finished-at="2023-09-12T08:29:32 IST" duration-ms="86778">
      <class name="testscripts.TestOrangeHrmPim">
        <test-method is-config="true" signature="precondition()[pri:0, instance:testscripts.TestOrangeHrmPim@48524010]" started-at="2023-09-12T08:28:05 IST" name="precondition" finished-at="2023-09-12T08:28:22 IST" duration-ms="17169" status="PASS">
          <reporter-output>
          </reporter-output>
        </test-method> <!-- precondition -->
        <test-method signature="testPimCreation()[pri:1, instance:testscripts.TestOrangeHrmPim@48524010]" started-at="2023-09-12T08:28:22 IST" name="testPimCreation" finished-at="2023-09-12T08:28:37 IST" duration-ms="14599" status="PASS">
          <reporter-output>
          </reporter-output>
        </test-method> <!-- testPimCreation -->
        <test-method is-config="true" signature="postcondition()[pri:0, instance:testscripts.TestOrangeHrmPim@48524010]" started-at="2023-09-12T08:28:37 IST" name="postcondition" finished-at="2023-09-12T08:28:39 IST" duration-ms="1652" status="PASS">
          <reporter-output>
          </reporter-output>
        </test-method> <!-- postcondition -->
        <test-method is-config="true" signature="precondition()[pri:0, instance:testscripts.TestOrangeHrmPim@48524010]" started-at="2023-09-12T08:28:39 IST" name="precondition" finished-at="2023-09-12T08:28:50 IST" duration-ms="11643" status="PASS">
          <reporter-output>
          </reporter-output>
        </test-method> <!-- precondition -->
        <test-method signature="testPimEdit()[pri:2, instance:testscripts.TestOrangeHrmPim@48524010]" started-at="2023-09-12T08:28:50 IST" name="testPimEdit" finished-at="2023-09-12T08:29:05 IST" duration-ms="14233" status="PASS">
          <reporter-output>
          </reporter-output>
        </test-method> <!-- testPimEdit -->
        <test-method is-config="true" signature="postcondition()[pri:0, instance:testscripts.TestOrangeHrmPim@48524010]" started-at="2023-09-12T08:29:05 IST" name="postcondition" finished-at="2023-09-12T08:29:07 IST" duration-ms="2437" status="PASS">
          <reporter-output>
          </reporter-output>
        </test-method> <!-- postcondition -->
        <test-method is-config="true" signature="precondition()[pri:0, instance:testscripts.TestOrangeHrmPim@48524010]" started-at="2023-09-12T08:29:07 IST" name="precondition" finished-at="2023-09-12T08:29:17 IST" duration-ms="9976" status="PASS">
          <reporter-output>
          </reporter-output>
        </test-method> <!-- precondition -->
        <test-method signature="testPimDeletion()[pri:3, instance:testscripts.TestOrangeHrmPim@48524010]" started-at="2023-09-12T08:29:17 IST" name="testPimDeletion" finished-at="2023-09-12T08:29:31 IST" duration-ms="13576" status="PASS">
          <reporter-output>
          </reporter-output>
        </test-method> <!-- testPimDeletion -->
        <test-method is-config="true" signature="postcondition()[pri:0, instance:testscripts.TestOrangeHrmPim@48524010]" started-at="2023-09-12T08:29:31 IST" name="postcondition" finished-at="2023-09-12T08:29:32 IST" duration-ms="1366" status="PASS">
          <reporter-output>
          </reporter-output>
        </test-method> <!-- postcondition -->
      </class> <!-- testscripts.TestOrangeHrmPim -->
    </test> <!-- TestOrangeHRMPIM -->
  </suite> <!-- Regression Suite -->
</testng-results>
